[start @2016-08-26 05:13:26]

[PHP ini]

PHP version: 7.0.8
cURL: 7.43.0
ssl: OpenSSL/0.9.8zd


[transaction @2016-08-26 05:13:26]
Zahlart: paydirektTransaction


[params set @2016-08-26 05:13:26]
merchantId=350000
projectId=7375
merchantTxId=123456
amount=4452
currency=EUR
purpose=Zweck
shippingAmount=2821
shippingAddresseFirstName=Heiko
shippingAddresseLastName=Maßmann
shippingZipCode=88699
shippingCity=Frickingen
shippingCountry=DE
orderAmount=123
orderId=9837-898
cart=[{"name":"Bobbycar","quantity":3,"grossAmount":2599,"ean":"800001303"},{"name":"Helm","quantity":1,"grossAmount":1853}]
urlRedirect=https://www.my-domain.de/girocheckout/redirect.php
urlNotify=https://www.my-domain.de/girocheckout/redirect.php


[cURL request @2016-08-26 05:13:29]
params:
merchantId=350000
projectId=7375
merchantTxId=123456
amount=4452
currency=EUR
purpose=Zweck
shippingAmount=2821
shippingAddresseFirstName=Heiko
shippingAddresseLastName=Maßmann
shippingZipCode=88699
shippingCity=Frickingen
shippingCountry=DE
orderAmount=123
orderId=9837-898
cart=[{"name":"Bobbycar","quantity":3,"grossAmount":2599,"ean":"800001303"},{"name":"Helm","quantity":1,"grossAmount":1853}]
urlRedirect=https://www.my-domain.de/girocheckout/redirect.php
urlNotify=https://www.my-domain.de/girocheckout/redirect.php
hash=2b1f3a5578ea69afca37bda165febd52
sourceId=localhost;2.0.4;;
userAgent=Mozilla/5.0 (Macintosh; Intel Mac OS X 10_11_6) AppleWebKit/537.36 (KHTML, like Gecko) Chrome/52.0.2743.116 Safari/537.36

CurlInfo:
url=https://dev.girosolution.de/girocheckout/api/v2/transaction/start
content_type=
http_code=0
header_size=0
request_size=0
filetime=-1
ssl_verify_result=1
redirect_count=0
total_time=2.861887
namelookup_time=0.001141
connect_time=0.297445
pretransfer_time=0
size_upload=0
size_download=0
speed_download=0
speed_upload=0
download_content_length=-1
upload_content_length=-1
starttransfer_time=0
redirect_time=0
redirect_url=
primary_ip=46.252.21.136
certinfo {
}
primary_port=443
local_ip=10.0.1.10
local_port=62461


[cURL reply @2016-08-26 05:13:29]
result:
curl_error log:Operation timed out after 0 milliseconds with 0 out of 0 bytes received

[exception @2016-08-26 05:13:29]
Failure: cURL: submit failed.


